Determining if the pthread_create exist failed with the following output:
Change Dir: /home/levy/Schreibtisch/bluerov_auto/build/CMakeFiles/CMakeTmp

Run Build Command:"/usr/bin/make" "cmTC_ad001/fast"
/usr/bin/make -f CMakeFiles/cmTC_ad001.dir/build.make CMakeFiles/cmTC_ad001.dir/build
make[1]: Verzeichnis „/home/levy/Schreibtisch/bluerov_auto/build/CMakeFiles/CMakeTmp“ wird betreten
Building C object CMakeFiles/cmTC_ad001.dir/CheckSymbolExists.c.o
/usr/bin/cc    -o CMakeFiles/cmTC_ad001.dir/CheckSymbolExists.c.o   -c /home/levy/Schreibtisch/bluerov_auto/build/CMakeFiles/CMakeTmp/CheckSymbolExists.c
Linking C executable cmTC_ad001
/usr/bin/cmake -E cmake_link_script CMakeFiles/cmTC_ad001.dir/link.txt --verbose=1
/usr/bin/cc      -rdynamic CMakeFiles/cmTC_ad001.dir/CheckSymbolExists.c.o  -o cmTC_ad001 
CMakeFiles/cmTC_ad001.dir/CheckSymbolExists.c.o: In Funktion »main«:
CheckSymbolExists.c:(.text+0x1b): Warnung: undefinierter Verweis auf »pthread_create«
collect2: error: ld returned 1 exit status
CMakeFiles/cmTC_ad001.dir/build.make:97: recipe for target 'cmTC_ad001' failed
make[1]: *** [cmTC_ad001] Error 1
make[1]: Verzeichnis „/home/levy/Schreibtisch/bluerov_auto/build/CMakeFiles/CMakeTmp“ wird verlassen
Makefile:126: recipe for target 'cmTC_ad001/fast' failed
make: *** [cmTC_ad001/fast] Error 2

File /home/levy/Schreibtisch/bluerov_auto/build/CMakeFiles/CMakeTmp/CheckSymbolExists.c:
/* */
#include <pthread.h>

int main(int argc, char** argv)
{
  (void)argv;
#ifndef pthread_create
  return ((int*)(&pthread_create))[argc];
#else
  (void)argc;
  return 0;
#endif
}

Determining if the function pthread_create exists in the pthreads failed with the following output:
Change Dir: /home/levy/Schreibtisch/bluerov_auto/build/CMakeFiles/CMakeTmp

Run Build Command:"/usr/bin/make" "cmTC_ff1e2/fast"
/usr/bin/make -f CMakeFiles/cmTC_ff1e2.dir/build.make CMakeFiles/cmTC_ff1e2.dir/build
make[1]: Verzeichnis „/home/levy/Schreibtisch/bluerov_auto/build/CMakeFiles/CMakeTmp“ wird betreten
Building C object CMakeFiles/cmTC_ff1e2.dir/CheckFunctionExists.c.o
/usr/bin/cc   -DCHECK_FUNCTION_EXISTS=pthread_create   -o CMakeFiles/cmTC_ff1e2.dir/CheckFunctionExists.c.o   -c /usr/share/cmake-3.10/Modules/CheckFunctionExists.c
Linking C executable cmTC_ff1e2
/usr/bin/cmake -E cmake_link_script CMakeFiles/cmTC_ff1e2.dir/link.txt --verbose=1
/usr/bin/cc  -DCHECK_FUNCTION_EXISTS=pthread_create    -rdynamic CMakeFiles/cmTC_ff1e2.dir/CheckFunctionExists.c.o  -o cmTC_ff1e2 -lpthreads 
/usr/bin/ld: -lpthreads kann nicht gefunden werden
collect2: error: ld returned 1 exit status
CMakeFiles/cmTC_ff1e2.dir/build.make:97: recipe for target 'cmTC_ff1e2' failed
make[1]: *** [cmTC_ff1e2] Error 1
make[1]: Verzeichnis „/home/levy/Schreibtisch/bluerov_auto/build/CMakeFiles/CMakeTmp“ wird verlassen
Makefile:126: recipe for target 'cmTC_ff1e2/fast' failed
make: *** [cmTC_ff1e2/fast] Error 2


